#
# A fatal error has been detected by the Java Runtime Environment:
#
#  EXCEPTION_ACCESS_VIOLATION (0xc0000005) at pc=0x00007ff8837d24ba, pid=11248, tid=10076
#
# JRE version: OpenJDK Runtime Environment Temurin-17.0.1+12 (17.0.1+12) (build 17.0.1+12)
# Java VM: OpenJDK 64-Bit Server VM Temurin-17.0.1+12 (17.0.1+12, mixed mode, emulated-client, tiered, compressed oops, compressed class ptrs, g1 gc, windows-amd64)
# Problematic frame:
# V  [jvm.dll+0x3824ba]
#
# No core dump will be written. Minidumps are not enabled by default on client versions of Windows
#
# If you would like to submit a bug report, please visit:
#   https://github.com/adoptium/adoptium-support/issues
#

---------------  S U M M A R Y ------------

Command Line: -Dsts.lsp.client=vscode -Dsts.log.file=/dev/null -XX:TieredStopAtLevel=1 -Dspring.config.location=file:c:\Users\bakup\.vscode\extensions\pivotal.vscode-spring-boot-1.31.0\language-server\BOOT-INF\classes\application.properties org.springframework.ide.vscode.boot.app.BootLanguageServerBootApp

Host: Intel(R) Core(TM) i5-1035G4 CPU @ 1.10GHz, 8 cores, 7G,  Windows 10 , 64 bit Build 22000 (10.0.22000.434)
Time: Sun Feb 20 16:32:56 2022 Eastern Standard Time elapsed time: 2.279690 seconds (0d 0h 0m 2s)

---------------  T H R E A D  ---------------

Current thread (0x00000230a6983f80):  JavaThread "main" [_thread_in_vm, id=10076, stack(0x000000cf7f900000,0x000000cf7fa00000)]

Stack: [0x000000cf7f900000,0x000000cf7fa00000],  sp=0x000000cf7f9fe270,  free space=1016k
Native frames: (J=compiled Java code, j=interpreted, Vv=VM code, C=native code)
V  [jvm.dll+0x3824ba]
V  [jvm.dll+0x381c6f]
C  0x00000230aadf9062

Java frames: (J=compiled Java code, j=interpreted, Vv=VM code)
j  org.springframework.context.annotation.AnnotationConfigApplicationContext.<init>()V+10
v  ~StubRoutines::call_stub
j  jdk.internal.reflect.NativeConstructorAccessorImpl.newInstance0(Ljava/lang/reflect/Constructor;[Ljava/lang/Object;)Ljava/lang/Object;+0 java.base@17.0.1
j  jdk.internal.reflect.NativeConstructorAccessorImpl.newInstance([Ljava/lang/Object;)Ljava/lang/Object;+118 java.base@17.0.1
j  jdk.internal.reflect.DelegatingConstructorAccessorImpl.newInstance([Ljava/lang/Object;)Ljava/lang/Object;+5 java.base@17.0.1
j  java.lang.reflect.Constructor.newInstanceWithCaller([Ljava/lang/Object;ZLjava/lang/Class;)Ljava/lang/Object;+66 java.base@17.0.1
j  java.lang.reflect.Constructor.newInstance([Ljava/lang/Object;)Ljava/lang/Object;+30 java.base@17.0.1
j  org.springframework.beans.BeanUtils.instantiateClass(Ljava/lang/reflect/Constructor;[Ljava/lang/Object;)Ljava/lang/Object;+128
j  org.springframework.beans.BeanUtils.instantiateClass(Ljava/lang/Class;)Ljava/lang/Object;+36
j  org.springframework.boot.SpringApplication.createApplicationContext()Lorg/springframework/context/ConfigurableApplicationContext;+88
j  org.springframework.boot.SpringApplication.run([Ljava/lang/String;)Lorg/springframework/context/ConfigurableApplicationContext;+74
j  org.springframework.boot.SpringApplication.run([Ljava/lang/Class;[Ljava/lang/String;)Lorg/springframework/context/ConfigurableApplicationContext;+9
j  org.springframework.boot.SpringApplication.run(Ljava/lang/Class;[Ljava/lang/String;)Lorg/springframework/context/ConfigurableApplicationContext;+9
j  org.springframework.ide.vscode.boot.app.BootLanguageServerBootApp.main([Ljava/lang/String;)V+19
v  ~StubRoutines::call_stub

siginfo: EXCEPTION_ACCESS_VIOLATION (0xc0000005), reading address 0x000000cf7fa04c88


Register to memory mapping:

RIP=0x00007ff8837d24ba jvm.dll
RAX=0x000000cf7fa04c88 is an unknown value
RBX=0x0 is NULL
RCX=0x000000cf7f9fe2d8 is pointing into the stack for thread: 0x00000230a6983f80
RDX=0x0000000000000cde is an unknown value
RSP=0x000000cf7f9fe270 is pointing into the stack for thread: 0x00000230a6983f80
RBP=0x000000cf7f9fe370 is pointing into the stack for thread: 0x00000230a6983f80
RSI=0x00000230a67e3de0 points into unknown readable memory: 0x0072006f00000002 | 02 00 00 00 6f 00 72 00
RDI=0x00000230a6983f80 is a thread
R8 =0x000000cf7f9fe598 is pointing into the stack for thread: 0x00000230a6983f80
R9 =0x00000230b7b589d8 is pointing into metadata
R10=0x00000230aade0000 points into unknown readable memory: 0x0000000000000006 | 06 00 00 00 00 00 00 00
R11=0x000000cf7f9fe3b0 is pointing into the stack for thread: 0x00000230a6983f80
R12=0x00000230a6984450 points into unknown readable memory: 0x0000000000000000 | 00 00 00 00 00 00 00 00
R13=0x00000230b7b59902 is pointing into metadata
R14=0x00000000000000b7 is an unknown value
R15=0x00000230a6984460 points into unknown readable memory: 0x0000000000000000 | 00 00 00 00 00 00 00 00


Registers:
RAX=0x000000cf7fa04c88, RBX=0x0000000000000000, RCX=0x000000cf7f9fe2d8, RDX=0x0000000000000cde
RSP=0x000000cf7f9fe270, RBP=0x000000cf7f9fe370, RSI=0x00000230a67e3de0, RDI=0x00000230a6983f80
R8 =0x000000cf7f9fe598, R9 =0x00000230b7b589d8, R10=0x00000230aade0000, R11=0x000000cf7f9fe3b0
R12=0x00000230a6984450, R13=0x00000230b7b59902, R14=0x00000000000000b7, R15=0x00000230a6984460
RIP=0x00007ff8837d24ba, EFLAGS=0x0000000000010206

Top of Stack: (sp=0x000000cf7f9fe270)
0x000000cf7f9fe270:   0000000000000000 00000230a67e3de0
0x000000cf7f9fe280:   0000000100040f80 000000010024c400
0x000000cf7f9fe290:   00000230a6983f80 00000230b7b5a6c0
0x000000cf7f9fe2a0:   00000230b7b59930 00000230a6983f80
0x000000cf7f9fe2b0:   000000010024c400 0000000000000000
0x000000cf7f9fe2c0:   0000023000000000 000000cf7f9fe548
0x000000cf7f9fe2d0:   00000230a6984838 000000cf7f9fe598
0x000000cf7f9fe2e0:   00000230aadf9006 00000230aade8e10
0x000000cf7f9fe2f0:   0000000000000000 000000cf7f9fe600
0x000000cf7f9fe300:   000000cf7f9fe598 00000230b7b59902
0x000000cf7f9fe310:   00000230000000b7 00000230b7b59930
0x000000cf7f9fe320:   0000000000000000 000000cf7f9fe600
0x000000cf7f9fe330:   000000cf7f9fe598 00000230a6983f80
0x000000cf7f9fe340:   000000008cfb29c0 00007ff8837c397b
0x000000cf7f9fe350:   000000008cfb29c0 000000010024c400
0x000000cf7f9fe360:   00000230a67e43a0 000000cf7f9fe408 

Instructions: (pc=0x00007ff8837d24ba)
0x00007ff8837d23ba:   46 00 0f 10 45 98 33 db 41 8d 86 4a ff ff ff 0f
0x00007ff8837d23ca:   10 4d a8 0f 11 44 24 68 0f 10 45 b8 0f 11 4c 24
0x00007ff8837d23da:   78 0f 11 45 88 a9 fc ff ff ff 0f 85 70 01 00 00
0x00007ff8837d23ea:   41 81 fe b8 00 00 00 0f 84 63 01 00 00 48 8b b7
0x00007ff8837d23fa:   30 02 00 00 48 8d 4c 24 68 4c 89 a4 24 58 01 00
0x00007ff8837d240a:   00 4c 89 ac 24 18 01 00 00 48 8b 46 20 4c 8b 7e
0x00007ff8837d241a:   18 4c 8b 66 10 48 89 44 24 60 48 8b 46 28 48 89
0x00007ff8837d242a:   45 68 4c 89 7d 60 e8 4b 4b f4 ff 48 89 44 24 30
0x00007ff8837d243a:   48 89 7c 24 38 48 85 c0 74 14 48 8b 8f 40 02 00
0x00007ff8837d244a:   00 48 8d 55 50 48 89 45 50 e8 b8 85 c8 ff 48 8d
0x00007ff8837d245a:   4c 24 68 e8 3e 4a f4 ff 48 8b 4c 24 30 8b d0 e8
0x00007ff8837d246a:   b2 18 2a 00 48 89 45 98 0f b6 08 81 f9 ca 00 00
0x00007ff8837d247a:   00 74 05 89 4d a0 eb 10 48 8b 4c 24 30 48 8b d0
0x00007ff8837d248a:   e8 51 bb da ff 89 45 a0 48 8b 44 24 30 48 8d 4d
0x00007ff8837d249a:   98 48 89 45 a8 e8 bc 79 c8 ff 48 8d 4d 98 e8 43
0x00007ff8837d24aa:   20 da ff 48 8b d0 48 8d 4c 24 68 e8 b6 49 f4 ff
0x00007ff8837d24ba:   4c 8b 28 4d 85 ed 74 52 4c 8b bf 38 02 00 00 49
0x00007ff8837d24ca:   8b 5f 18 48 83 fb f7 76 18 4c 8d 05 5e ec 58 00
0x00007ff8837d24da:   ba 08 00 00 00 49 8b cf e8 49 9c d2 ff 49 8b 5f
0x00007ff8837d24ea:   18 48 8d 43 08 49 3b 47 20 76 14 45 33 c0 49 8b
0x00007ff8837d24fa:   cf 41 8d 50 08 e8 ac 98 d2 ff 48 8b d8 eb 04 49
0x00007ff8837d250a:   89 47 18 4c 8b 7d 60 4c 89 2b 48 8d 4c 24 30 e8
0x00007ff8837d251a:   32 7d fc ff 49 83 3c 24 00 4c 8b ac 24 18 01 00
0x00007ff8837d252a:   00 74 14 48 8b 55 68 48 8b ce e8 77 9b d2 ff 49
0x00007ff8837d253a:   8b cc e8 df 9a d2 ff 48 8b 44 24 60 4c 89 66 10
0x00007ff8837d254a:   4c 8b a4 24 58 01 00 00 48 89 46 20 4c 89 7e 18
0x00007ff8837d255a:   0f 57 c0 48 c7 45 d8 00 00 00 00 0f 57 c9 66 0f
0x00007ff8837d256a:   7f 45 e0 48 8d 4c 24 68 66 0f 7f 4d 00 48 c7 45
0x00007ff8837d257a:   f0 00 00 00 00 e8 fc 49 f4 ff 48 8b 48 08 48 8b
0x00007ff8837d258a:   41 08 48 89 44 24 50 48 89 7c 24 58 48 85 c0 74
0x00007ff8837d259a:   14 48 8b 8f 40 02 00 00 48 8d 55 50 48 89 45 50
0x00007ff8837d25aa:   e8 61 84 c8 ff 40 32 f6 0f 57 c0 40 38 35 0d b5 


Stack slot to memory mapping:
stack at sp + 0 slots: 0x0 is NULL
stack at sp + 1 slots: 0x00000230a67e3de0 points into unknown readable memory: 0x0072006f00000002 | 02 00 00 00 6f 00 72 00
stack at sp + 2 slots: 0x0000000100040f80 is a pointer to class: 
java.lang.Object {0x0000000100040f88}
 - instance size:     2
 - klass size:        64
 - access:            public synchronized 
 - state:             fully_initialized
 - name:              'java/lang/Object'
 - super:             NULL
 - sub:               'org/springframework/beans/factory/annotation/AnnotatedBeanDefinition'   'org/springframework/core/type/AnnotatedTypeMetadata'   'org/springframework/context/annotation/ScopeMetadataResolver'   'org/springframework/context/annotation/AnnotatedBeanDefinitionReader'   (2155 more klasses...)
 - arrays:            'java/lang/Object'[]
 - methods:           Array<T>(0x00000230b5c003d8)
 - method ordering:   Array<T>(0x00000230b5c00018)
 - default_methods:   Array<T>(0x0000000000000000)
 - local interfaces:  Array<T>(0x00000230b5c00058)
 - trans. interfaces: Array<T>(0x00000230b5c00058)
 - constants:         constant pool [79] {0x00000230b5c000c8} for 'java/lang/Object' cache=0x00000230b5d00500
 - class loader data:  loader data: 0x00000230a6a5e750 of 'bootstrap'
 - class annotations:       Array<T>(0x0000000000000000)
 - class type annotations:  Array<T>(0x0000000000000000)
 - field annotations:       Array<T>(0x0000000000000000)
 - field type annotations:  Array<T>(0x0000000000000000)
 - inner classes:     Array<T>(0x00000230b5c00028)
 - nest members:     Array<T>(0x00000230b5c00028)
 - permitted subclasses:     Array<T>(0x00000230b5c00028)
 - java mirror:       a 'java/lang/Class'{0x000000008c8203e0} = 'java/lang/Object'
 - vtable length      5  (start addr: 0x0000000100041148)
 - itable length      2 (start addr: 0x0000000100041170)
 - ---- static fields (0 words):
 - ---- non-static fields (0 words):
 - non-static oop maps: 
stack at sp + 3 slots: 0x000000010024c400 is a pointer to class: 
org.springframework.context.annotation.AnnotatedBeanDefinitionReader {0x000000010024c408}
 - instance size:     4
 - klass size:        76
 - access:            public synchronized 
 - state:             fully_initialized
 - name:              'org/springframework/context/annotation/AnnotatedBeanDefinitionReader'
 - super:             'java/lang/Object'
 - sub:               
 - arrays:            NULL
 - methods:           Array<T>(0x00000230b7bdd078)
 - method ordering:   Array<T>(0x00000230b5c00018)
 - default_methods:   Array<T>(0x0000000000000000)
 - local interfaces:  Array<T>(0x00000230b5c00058)
 - trans. interfaces: Array<T>(0x00000230b5c00058)
 - constants:         constant pool [240] {0x00000230b7bdc790} for 'org/springframework/context/annotation/AnnotatedBeanDefinitionReader' cache=0x00000230b7be0fe8
 - class loader data:  loader data: 0x00000230b6483cb0 for instance a 'jdk/internal/loader/ClassLoaders$AppClassLoader'{0x000000008c800000}
 - source file:       'AnnotatedBeanDefinitionReader.java'
 - class annotations:       Array<T>(0x0000000000000000)
 - class type annotations:  Array<T>(0x0000000000000000)
 - field annotations:       Array<T>(0x0000000000000000)
 - field type annotations:  Array<T>(0x0000000000000000)
 - inner classes:     Array<T>(0x00000230b5c00028)
 - nest members:     Array<T>(0x00000230b5c00028)
 - permitted subclasses:     Array<T>(0x00000230b5c00028)
 - java mirror:       a 'java/lang/Class'{0x000000008cfb29c0} = 'org/springframework/context/annotation/AnnotatedBeanDefinitionReader'
 - vtable length      16  (start addr: 0x000000010024c5c8)
 - itable length      2 (start addr: 0x000000010024c648)
 - ---- static fields (0 words):
 - ---- non-static fields (4 words):
 - private final 'registry' 'Lorg/springframework/beans/factory/support/BeanDefinitionRegistry;' @12 
 - private 'beanNameGenerator' 'Lorg/springframework/beans/factory/support/BeanNameGenerator;' @16 
 - private 'scopeMetadataResolver' 'Lorg/springframework/context/annotation/ScopeMetadataResolver;' @20 
 - private 'conditionEvaluator' 'Lorg/springframework/context/annotation/ConditionEvaluator;' @24 
 - non-static oop maps: 12-24 
stack at sp + 4 slots: 0x00000230a6983f80 is a thread
stack at sp + 5 slots: 0x00000230b7b5a6c0 is pointing into metadata
stack at sp + 6 slots: {method} {0x00000230b7b59938} '<init>' '()V' in 'org/springframework/context/annotation/AnnotationConfigApplicationContext'
stack at sp + 7 slots: 0x00000230a6983f80 is a thread


---------------  P R O C E S S  ---------------

Threads class SMR info:
_java_thread_list=0x00000230b6f7e2c0, length=13, elements={
0x00000230a6983f80, 0x00000230b59c5680, 0x00000230b59c6030, 0x00000230b59efe40,
0x00000230b59f07f0, 0x00000230b59f11a0, 0x00000230b59f3b60, 0x00000230b59f4510,
0x00000230b59f56a0, 0x00000230b6558330, 0x00000230b655e860, 0x00000230b659ade0,
0x00000230b65b3150
}

Java Threads: ( => current thread )
=>0x00000230a6983f80 JavaThread "main" [_thread_in_vm, id=10076, stack(0x000000cf7f900000,0x000000cf7fa00000)]
  0x00000230b59c5680 JavaThread "Reference Handler" daemon [_thread_blocked, id=17244, stack(0x000000cf00000000,0x000000cf00100000)]
  0x00000230b59c6030 JavaThread "Finalizer" daemon [_thread_blocked, id=14204, stack(0x000000cf00100000,0x000000cf00200000)]
  0x00000230b59efe40 JavaThread "Signal Dispatcher" daemon [_thread_blocked, id=16208, stack(0x000000cf00200000,0x000000cf00300000)]
  0x00000230b59f07f0 JavaThread "Attach Listener" daemon [_thread_blocked, id=8800, stack(0x000000cf00300000,0x000000cf00400000)]
  0x00000230b59f11a0 JavaThread "Service Thread" daemon [_thread_blocked, id=14416, stack(0x000000cf00400000,0x000000cf00500000)]
  0x00000230b59f3b60 JavaThread "Monitor Deflation Thread" daemon [_thread_blocked, id=15888, stack(0x000000cf00500000,0x000000cf00600000)]
  0x00000230b59f4510 JavaThread "C1 CompilerThread0" daemon [_thread_blocked, id=10100, stack(0x000000cf00600000,0x000000cf00700000)]
  0x00000230b59f56a0 JavaThread "Sweeper thread" daemon [_thread_blocked, id=9296, stack(0x000000cf00700000,0x000000cf00800000)]
  0x00000230b6558330 JavaThread "C1 CompilerThread1" daemon [_thread_blocked, id=1520, stack(0x000000cf00800000,0x000000cf00900000)]
  0x00000230b655e860 JavaThread "C1 CompilerThread2" daemon [_thread_blocked, id=1624, stack(0x000000cf00900000,0x000000cf00a00000)]
  0x00000230b659ade0 JavaThread "Notification Thread" daemon [_thread_blocked, id=7888, stack(0x000000cf00a00000,0x000000cf00b00000)]
  0x00000230b65b3150 JavaThread "Common-Cleaner" daemon [_thread_blocked, id=15332, stack(0x000000cf00c00000,0x000000cf00d00000)]

Other Threads:
  0x00000230b59ba3f0 VMThread "VM Thread" [stack: 0x000000cf7ff00000,0x000000cf80000000] [id=2404]
  0x00000230b64f5a30 WatcherThread [stack: 0x000000cf00b00000,0x000000cf00c00000] [id=15096]
  0x00000230a69c1350 GCTaskThread "GC Thread#0" [stack: 0x000000cf7fa00000,0x000000cf7fb00000] [id=4016]
  0x00000230b6da0d40 GCTaskThread "GC Thread#1" [stack: 0x000000cf00d00000,0x000000cf00e00000] [id=8548]
  0x00000230b6d524a0 GCTaskThread "GC Thread#2" [stack: 0x000000cf00e00000,0x000000cf00f00000] [id=17184]
  0x00000230b6da02f0 GCTaskThread "GC Thread#3" [stack: 0x000000cf00f00000,0x000000cf01000000] [id=9212]
  0x00000230b6dffbc0 GCTaskThread "GC Thread#4" [stack: 0x000000cf01000000,0x000000cf01100000] [id=15616]
  0x00000230b6dffe70 GCTaskThread "GC Thread#5" [stack: 0x000000cf01100000,0x000000cf01200000] [id=14032]
  0x00000230b6e00530 GCTaskThread "GC Thread#6" [stack: 0x000000cf01200000,0x000000cf01300000] [id=7896]
  0x00000230a69d25e0 ConcurrentGCThread "G1 Main Marker" [stack: 0x000000cf7fb00000,0x000000cf7fc00000] [id=492]
  0x00000230a69d2ff0 ConcurrentGCThread "G1 Conc#0" [stack: 0x000000cf7fc00000,0x000000cf7fd00000] [id=16204]
  0x00000230a6a4df50 ConcurrentGCThread "G1 Refine#0" [stack: 0x000000cf7fd00000,0x000000cf7fe00000] [id=9592]
  0x00000230a6a4f980 ConcurrentGCThread "G1 Service" [stack: 0x000000cf7fe00000,0x000000cf7ff00000] [id=9304]

Threads with active compile tasks:

VM state: not at safepoint (normal execution)

VM Mutex/Monitor currently owned by a thread: None

Heap address: 0x0000000086600000, size: 1946 MB, Compressed Oops mode: 32-bit

CDS archive(s) not mapped
Compressed class space mapped at: 0x0000000100000000-0x0000000140000000, reserved size: 1073741824
Narrow klass base: 0x0000000000000000, Narrow klass shift: 3, Narrow klass range: 0x140000000

GC Precious Log:
 CPUs: 8 total, 8 available
 Memory: 7778M
 Large Page Support: Disabled
 NUMA Support: Disabled
 Compressed Oops: Enabled (32-bit)
 Heap Region Size: 1M
 Heap Min Capacity: 8M
 Heap Initial Capacity: 122M
 Heap Max Capacity: 1946M
 Pre-touch: Disabled
 Parallel Workers: 8
 Concurrent Workers: 2
 Concurrent Refinement Workers: 8
 Periodic GC: Disabled

Heap:
 garbage-first heap   total 124928K, used 21984K [0x0000000086600000, 0x0000000100000000)
  region size 1024K, 20 young (20480K), 3 survivors (3072K)
 Metaspace       used 17691K, committed 17984K, reserved 1064960K
  class space    used 2165K, committed 2304K, reserved 1048576K

Heap Regions: E=young(eden), S=young(survivor), O=old, HS=humongous(starts), HC=humongous(continues), CS=collection set, F=free, OA=open archive, CA=closed archive, TAMS=top-at-mark-start (previous, next)
|   0|0x0000000086600000, 0x0000000086700000, 0x0000000086700000|100%| O|  |TAMS 0x0000000086600000, 0x0000000086600000| Untracked 
|   1|0x0000000086700000, 0x0000000086800000, 0x0000000086800000|100%| O|  |TAMS 0x0000000086700000, 0x0000000086700000| Untracked 
|   2|0x0000000086800000, 0x0000000086878200, 0x0000000086900000| 46%| O|  |TAMS 0x0000000086800000, 0x0000000086800000| Untracked 
|   3|0x0000000086900000, 0x0000000086900000, 0x0000000086a00000|  0%| F|  |TAMS 0x0000000086900000, 0x0000000086900000| Untracked 
|   4|0x0000000086a00000, 0x0000000086a00000, 0x0000000086b00000|  0%| F|  |TAMS 0x0000000086a00000, 0x0000000086a00000| Untracked 
|   5|0x0000000086b00000, 0x0000000086b00000, 0x0000000086c00000|  0%| F|  |TAMS 0x0000000086b00000, 0x0000000086b00000| Untracked 
|   6|0x0000000086c00000, 0x0000000086c00000, 0x0000000086d00000|  0%| F|  |TAMS 0x0000000086c00000, 0x0000000086c00000| Untracked 
|   7|0x0000000086d00000, 0x0000000086d00000, 0x0000000086e00000|  0%| F|  |TAMS 0x0000000086d00000, 0x0000000086d00000| Untracked 
|   8|0x0000000086e00000, 0x0000000086e00000, 0x0000000086f00000|  0%| F|  |TAMS 0x0000000086e00000, 0x0000000086e00000| Untracked 
|   9|0x0000000086f00000, 0x0000000086f00000, 0x0000000087000000|  0%| F|  |TAMS 0x0000000086f00000, 0x0000000086f00000| Untracked 
|  10|0x0000000087000000, 0x0000000087000000, 0x0000000087100000|  0%| F|  |TAMS 0x0000000087000000, 0x0000000087000000| Untracked 
|  11|0x0000000087100000, 0x0000000087100000, 0x0000000087200000|  0%| F|  |TAMS 0x0000000087100000, 0x0000000087100000| Untracked 
|  12|0x0000000087200000, 0x0000000087200000, 0x0000000087300000|  0%| F|  |TAMS 0x0000000087200000, 0x0000000087200000| Untracked 
|  13|0x0000000087300000, 0x0000000087300000, 0x0000000087400000|  0%| F|  |TAMS 0x0000000087300000, 0x0000000087300000| Untracked 
|  14|0x0000000087400000, 0x0000000087400000, 0x0000000087500000|  0%| F|  |TAMS 0x0000000087400000, 0x0000000087400000| Untracked 
|  15|0x0000000087500000, 0x0000000087500000, 0x0000000087600000|  0%| F|  |TAMS 0x0000000087500000, 0x0000000087500000| Untracked 
|  16|0x0000000087600000, 0x0000000087600000, 0x0000000087700000|  0%| F|  |TAMS 0x0000000087600000, 0x0000000087600000| Untracked 
|  17|0x0000000087700000, 0x0000000087700000, 0x0000000087800000|  0%| F|  |TAMS 0x0000000087700000, 0x0000000087700000| Untracked 
|  18|0x0000000087800000, 0x0000000087800000, 0x0000000087900000|  0%| F|  |TAMS 0x0000000087800000, 0x0000000087800000| Untracked 
|  19|0x0000000087900000, 0x0000000087900000, 0x0000000087a00000|  0%| F|  |TAMS 0x0000000087900000, 0x0000000087900000| Untracked 
|  20|0x0000000087a00000, 0x0000000087a00000, 0x0000000087b00000|  0%| F|  |TAMS 0x0000000087a00000, 0x0000000087a00000| Untracked 
|  21|0x0000000087b00000, 0x0000000087b00000, 0x0000000087c00000|  0%| F|  |TAMS 0x0000000087b00000, 0x0000000087b00000| Untracked 
|  22|0x0000000087c00000, 0x0000000087c00000, 0x0000000087d00000|  0%| F|  |TAMS 0x0000000087c00000, 0x0000000087c00000| Untracked 
|  23|0x0000000087d00000, 0x0000000087d00000, 0x0000000087e00000|  0%| F|  |TAMS 0x0000000087d00000, 0x0000000087d00000| Untracked 
|  24|0x0000000087e00000, 0x0000000087e00000, 0x0000000087f00000|  0%| F|  |TAMS 0x0000000087e00000, 0x0000000087e00000| Untracked 
|  25|0x0000000087f00000, 0x0000000087f00000, 0x0000000088000000|  0%| F|  |TAMS 0x0000000087f00000, 0x0000000087f00000| Untracked 
|  26|0x0000000088000000, 0x0000000088000000, 0x0000000088100000|  0%| F|  |TAMS 0x0000000088000000, 0x0000000088000000| Untracked 
|  27|0x0000000088100000, 0x0000000088100000, 0x0000000088200000|  0%| F|  |TAMS 0x0000000088100000, 0x0000000088100000| Untracked 
|  28|0x0000000088200000, 0x0000000088200000, 0x0000000088300000|  0%| F|  |TAMS 0x0000000088200000, 0x0000000088200000| Untracked 
|  29|0x0000000088300000, 0x0000000088300000, 0x0000000088400000|  0%| F|  |TAMS 0x0000000088300000, 0x0000000088300000| Untracked 
|  30|0x0000000088400000, 0x0000000088400000, 0x0000000088500000|  0%| F|  |TAMS 0x0000000088400000, 0x0000000088400000| Untracked 
|  31|0x0000000088500000, 0x0000000088500000, 0x0000000088600000|  0%| F|  |TAMS 0x0000000088500000, 0x0000000088500000| Untracked 
|  32|0x0000000088600000, 0x0000000088600000, 0x0000000088700000|  0%| F|  |TAMS 0x0000000088600000, 0x0000000088600000| Untracked 
|  33|0x0000000088700000, 0x0000000088700000, 0x0000000088800000|  0%| F|  |TAMS 0x0000000088700000, 0x0000000088700000| Untracked 
|  34|0x0000000088800000, 0x0000000088800000, 0x0000000088900000|  0%| F|  |TAMS 0x0000000088800000, 0x0000000088800000| Untracked 
|  35|0x0000000088900000, 0x0000000088900000, 0x0000000088a00000|  0%| F|  |TAMS 0x0000000088900000, 0x0000000088900000| Untracked 
|  36|0x0000000088a00000, 0x0000000088a00000, 0x0000000088b00000|  0%| F|  |TAMS 0x0000000088a00000, 0x0000000088a00000| Untracked 
|  37|0x0000000088b00000, 0x0000000088b00000, 0x0000000088c00000|  0%| F|  |TAMS 0x0000000088b00000, 0x0000000088b00000| Untracked 
|  38|0x0000000088c00000, 0x0000000088c00000, 0x0000000088d00000|  0%| F|  |TAMS 0x0000000088c00000, 0x0000000088c00000| Untracked 
|  39|0x0000000088d00000, 0x0000000088d00000, 0x0000000088e00000|  0%| F|  |TAMS 0x0000000088d00000, 0x0000000088d00000| Untracked 
|  40|0x0000000088e00000, 0x0000000088e00000, 0x0000000088f00000|  0%| F|  |TAMS 0x0000000088e00000, 0x0000000088e00000| Untracked 
|  41|0x0000000088f00000, 0x0000000088f00000, 0x0000000089000000|  0%| F|  |TAMS 0x0000000088f00000, 0x0000000088f00000| Untracked 
|  42|0x0000000089000000, 0x0000000089000000, 0x0000000089100000|  0%| F|  |TAMS 0x0000000089000000, 0x0000000089000000| Untracked 
|  43|0x0000000089100000, 0x0000000089100000, 0x0000000089200000|  0%| F|  |TAMS 0x0000000089100000, 0x0000000089100000| Untracked 
|  44|0x0000000089200000, 0x0000000089200000, 0x0000000089300000|  0%| F|  |TAMS 0x0000000089200000, 0x0000000089200000| Untracked 
|  45|0x0000000089300000, 0x0000000089300000, 0x0000000089400000|  0%| F|  |TAMS 0x0000000089300000, 0x0000000089300000| Untracked 
|  46|0x0000000089400000, 0x0000000089400000, 0x0000000089500000|  0%| F|  |TAMS 0x0000000089400000, 0x0000000089400000| Untracked 
|  47|0x0000000089500000, 0x0000000089500000, 0x0000000089600000|  0%| F|  |TAMS 0x0000000089500000, 0x0000000089500000| Untracked 
|  48|0x0000000089600000, 0x0000000089600000, 0x0000000089700000|  0%| F|  |TAMS 0x0000000089600000, 0x0000000089600000| Untracked 
|  49|0x0000000089700000, 0x0000000089700000, 0x0000000089800000|  0%| F|  |TAMS 0x0000000089700000, 0x0000000089700000| Untracked 
|  50|0x0000000089800000, 0x0000000089800000, 0x0000000089900000|  0%| F|  |TAMS 0x0000000089800000, 0x0000000089800000| Untracked 
|  51|0x0000000089900000, 0x0000000089900000, 0x0000000089a00000|  0%| F|  |TAMS 0x0000000089900000, 0x0000000089900000| Untracked 
|  52|0x0000000089a00000, 0x0000000089a00000, 0x0000000089b00000|  0%| F|  |TAMS 0x0000000089a00000, 0x0000000089a00000| Untracked 
|  53|0x0000000089b00000, 0x0000000089b00000, 0x0000000089c00000|  0%| F|  |TAMS 0x0000000089b00000, 0x0000000089b00000| Untracked 
|  54|0x0000000089c00000, 0x0000000089c00000, 0x0000000089d00000|  0%| F|  |TAMS 0x0000000089c00000, 0x0000000089c00000| Untracked 
|  55|0x0000000089d00000, 0x0000000089d00000, 0x0000000089e00000|  0%| F|  |TAMS 0x0000000089d00000, 0x0000000089d00000| Untracked 
|  56|0x0000000089e00000, 0x0000000089e00000, 0x0000000089f00000|  0%| F|  |TAMS 0x0000000089e00000, 0x0000000089e00000| Untracked 
|  57|0x0000000089f00000, 0x0000000089f00000, 0x000000008a000000|  0%| F|  |TAMS 0x0000000089f00000, 0x0000000089f00000| Untracked 
|  58|0x000000008a000000, 0x000000008a000000, 0x000000008a100000|  0%| F|  |TAMS 0x000000008a000000, 0x000000008a000000| Untracked 
|  59|0x000000008a100000, 0x000000008a100000, 0x000000008a200000|  0%| F|  |TAMS 0x000000008a100000, 0x000000008a100000| Untracked 
|  60|0x000000008a200000, 0x000000008a200000, 0x000000008a300000|  0%| F|  |TAMS 0x000000008a200000, 0x000000008a200000| Untracked 
|  61|0x000000008a300000, 0x000000008a300000, 0x000000008a400000|  0%| F|  |TAMS 0x000000008a300000, 0x000000008a300000| Untracked 
|  62|0x000000008a400000, 0x000000008a400000, 0x000000008a500000|  0%| F|  |TAMS 0x000000008a400000, 0x000000008a400000| Untracked 
|  63|0x000000008a500000, 0x000000008a500000, 0x000000008a600000|  0%| F|  |TAMS 0x000000008a500000, 0x000000008a500000| Untracked 
|  64|0x000000008a600000, 0x000000008a600000, 0x000000008a700000|  0%| F|  |TAMS 0x000000008a600000, 0x000000008a600000| Untracked 
|  65|0x000000008a700000, 0x000000008a700000, 0x000000008a800000|  0%| F|  |TAMS 0x000000008a700000, 0x000000008a700000| Untracked 
|  66|0x000000008a800000, 0x000000008a800000, 0x000000008a900000|  0%| F|  |TAMS 0x000000008a800000, 0x000000008a800000| Untracked 
|  67|0x000000008a900000, 0x000000008a900000, 0x000000008aa00000|  0%| F|  |TAMS 0x000000008a900000, 0x000000008a900000| Untracked 
|  68|0x000000008aa00000, 0x000000008aa00000, 0x000000008ab00000|  0%| F|  |TAMS 0x000000008aa00000, 0x000000008aa00000| Untracked 
|  69|0x000000008ab00000, 0x000000008ab00000, 0x000000008ac00000|  0%| F|  |TAMS 0x000000008ab00000, 0x000000008ab00000| Untracked 
|  70|0x000000008ac00000, 0x000000008ac00000, 0x000000008ad00000|  0%| F|  |TAMS 0x000000008ac00000, 0x000000008ac00000| Untracked 
|  71|0x000000008ad00000, 0x000000008ad00000, 0x000000008ae00000|  0%| F|  |TAMS 0x000000008ad00000, 0x000000008ad00000| Untracked 
|  72|0x000000008ae00000, 0x000000008ae00000, 0x000000008af00000|  0%| F|  |TAMS 0x000000008ae00000, 0x000000008ae00000| Untracked 
|  73|0x000000008af00000, 0x000000008af00000, 0x000000008b000000|  0%| F|  |TAMS 0x000000008af00000, 0x000000008af00000| Untracked 
|  74|0x000000008b000000, 0x000000008b000000, 0x000000008b100000|  0%| F|  |TAMS 0x000000008b000000, 0x000000008b000000| Untracked 
|  75|0x000000008b100000, 0x000000008b100000, 0x000000008b200000|  0%| F|  |TAMS 0x000000008b100000, 0x000000008b100000| Untracked 
|  76|0x000000008b200000, 0x000000008b200000, 0x000000008b300000|  0%| F|  |TAMS 0x000000008b200000, 0x000000008b200000| Untracked 
|  77|0x000000008b300000, 0x000000008b300000, 0x000000008b400000|  0%| F|  |TAMS 0x000000008b300000, 0x000000008b300000| Untracked 
|  78|0x000000008b400000, 0x000000008b400000, 0x000000008b500000|  0%| F|  |TAMS 0x000000008b400000, 0x000000008b400000| Untracked 
|  79|0x000000008b500000, 0x000000008b500000, 0x000000008b600000|  0%| F|  |TAMS 0x000000008b500000, 0x000000008b500000| Untracked 
|  80|0x000000008b600000, 0x000000008b600000, 0x000000008b700000|  0%| F|  |TAMS 0x000000008b600000, 0x000000008b600000| Untracked 
|  81|0x000000008b700000, 0x000000008b700000, 0x000000008b800000|  0%| F|  |TAMS 0x000000008b700000, 0x000000008b700000| Untracked 
|  82|0x000000008b800000, 0x000000008b800000, 0x000000008b900000|  0%| F|  |TAMS 0x000000008b800000, 0x000000008b800000| Untracked 
|  83|0x000000008b900000, 0x000000008b900000, 0x000000008ba00000|  0%| F|  |TAMS 0x000000008b900000, 0x000000008b900000| Untracked 
|  84|0x000000008ba00000, 0x000000008ba00000, 0x000000008bb00000|  0%| F|  |TAMS 0x000000008ba00000, 0x000000008ba00000| Untracked 
|  85|0x000000008bb00000, 0x000000008bb00000, 0x000000008bc00000|  0%| F|  |TAMS 0x000000008bb00000, 0x000000008bb00000| Untracked 
|  86|0x000000008bc00000, 0x000000008bc00000, 0x000000008bd00000|  0%| F|  |TAMS 0x000000008bc00000, 0x000000008bc00000| Untracked 
|  87|0x000000008bd00000, 0x000000008bd00000, 0x000000008be00000|  0%| F|  |TAMS 0x000000008bd00000, 0x000000008bd00000| Untracked 
|  88|0x000000008be00000, 0x000000008be00000, 0x000000008bf00000|  0%| F|  |TAMS 0x000000008be00000, 0x000000008be00000| Untracked 
|  89|0x000000008bf00000, 0x000000008bf00000, 0x000000008c000000|  0%| F|  |TAMS 0x000000008bf00000, 0x000000008bf00000| Untracked 
|  90|0x000000008c000000, 0x000000008c000000, 0x000000008c100000|  0%| F|  |TAMS 0x000000008c000000, 0x000000008c000000| Untracked 
|  91|0x000000008c100000, 0x000000008c100000, 0x000000008c200000|  0%| F|  |TAMS 0x000000008c100000, 0x000000008c100000| Untracked 
|  92|0x000000008c200000, 0x000000008c200000, 0x000000008c300000|  0%| F|  |TAMS 0x000000008c200000, 0x000000008c200000| Untracked 
|  93|0x000000008c300000, 0x000000008c300000, 0x000000008c400000|  0%| F|  |TAMS 0x000000008c300000, 0x000000008c300000| Untracked 
|  94|0x000000008c400000, 0x000000008c400000, 0x000000008c500000|  0%| F|  |TAMS 0x000000008c400000, 0x000000008c400000| Untracked 
|  95|0x000000008c500000, 0x000000008c500000, 0x000000008c600000|  0%| F|  |TAMS 0x000000008c500000, 0x000000008c500000| Untracked 
|  96|0x000000008c600000, 0x000000008c700000, 0x000000008c700000|100%| S|CS|TAMS 0x000000008c600000, 0x000000008c600000| Complete 
|  97|0x000000008c700000, 0x000000008c800000, 0x000000008c800000|100%| S|CS|TAMS 0x000000008c700000, 0x000000008c700000| Complete 
|  98|0x000000008c800000, 0x000000008c900000, 0x000000008c900000|100%| S|CS|TAMS 0x000000008c800000, 0x000000008c800000| Complete 
|  99|0x000000008c900000, 0x000000008c900000, 0x000000008ca00000|  0%| F|  |TAMS 0x000000008c900000, 0x000000008c900000| Untracked 
| 100|0x000000008ca00000, 0x000000008ca00000, 0x000000008cb00000|  0%| F|  |TAMS 0x000000008ca00000, 0x000000008ca00000| Untracked 
| 101|0x000000008cb00000, 0x000000008cb00000, 0x000000008cc00000|  0%| F|  |TAMS 0x000000008cb00000, 0x000000008cb00000| Untracked 
| 102|0x000000008cc00000, 0x000000008cc00000, 0x000000008cd00000|  0%| F|  |TAMS 0x000000008cc00000, 0x000000008cc00000| Untracked 
| 103|0x000000008cd00000, 0x000000008cd00000, 0x000000008ce00000|  0%| F|  |TAMS 0x000000008cd00000, 0x000000008cd00000| Untracked 
| 104|0x000000008ce00000, 0x000000008ce00000, 0x000000008cf00000|  0%| F|  |TAMS 0x000000008ce00000, 0x000000008ce00000| Untracked 
| 105|0x000000008cf00000, 0x000000008d000000, 0x000000008d000000|100%| E|  |TAMS 0x000000008cf00000, 0x000000008cf00000| Complete 
| 106|0x000000008d000000, 0x000000008d100000, 0x000000008d100000|100%| E|CS|TAMS 0x000000008d000000, 0x000000008d000000| Complete 
| 107|0x000000008d100000, 0x000000008d200000, 0x000000008d200000|100%| E|CS|TAMS 0x000000008d100000, 0x000000008d100000| Complete 
| 108|0x000000008d200000, 0x000000008d300000, 0x000000008d300000|100%| E|CS|TAMS 0x000000008d200000, 0x000000008d200000| Complete 
| 109|0x000000008d300000, 0x000000008d400000, 0x000000008d400000|100%| E|CS|TAMS 0x000000008d300000, 0x000000008d300000| Complete 
| 110|0x000000008d400000, 0x000000008d500000, 0x000000008d500000|100%| E|CS|TAMS 0x000000008d400000, 0x000000008d400000| Complete 
| 111|0x000000008d500000, 0x000000008d600000, 0x000000008d600000|100%| E|CS|TAMS 0x000000008d500000, 0x000000008d500000| Complete 
| 112|0x000000008d600000, 0x000000008d700000, 0x000000008d700000|100%| E|CS|TAMS 0x000000008d600000, 0x000000008d600000| Complete 
| 113|0x000000008d700000, 0x000000008d800000, 0x000000008d800000|100%| E|CS|TAMS 0x000000008d700000, 0x000000008d700000| Complete 
| 114|0x000000008d800000, 0x000000008d900000, 0x000000008d900000|100%| E|CS|TAMS 0x000000008d800000, 0x000000008d800000| Complete 
| 115|0x000000008d900000, 0x000000008da00000, 0x000000008da00000|100%| E|CS|TAMS 0x000000008d900000, 0x000000008d900000| Complete 
| 116|0x000000008da00000, 0x000000008db00000, 0x000000008db00000|100%| E|CS|TAMS 0x000000008da00000, 0x000000008da00000| Complete 
| 117|0x000000008db00000, 0x000000008dc00000, 0x000000008dc00000|100%| E|CS|TAMS 0x000000008db00000, 0x000000008db00000| Complete 
| 118|0x000000008dc00000, 0x000000008dd00000, 0x000000008dd00000|100%| E|CS|TAMS 0x000000008dc00000, 0x000000008dc00000| Complete 
| 119|0x000000008dd00000, 0x000000008de00000, 0x000000008de00000|100%| E|CS|TAMS 0x000000008dd00000, 0x000000008dd00000| Complete 
| 120|0x000000008de00000, 0x000000008df00000, 0x000000008df00000|100%| E|CS|TAMS 0x000000008de00000, 0x000000008de00000| Complete 
| 121|0x000000008df00000, 0x000000008e000000, 0x000000008e000000|100%| E|CS|TAMS 0x000000008df00000, 0x000000008df00000| Complete 

Card table byte_map: [0x00000230aeaa0000,0x00000230aee70000] _byte_map_base: 0x00000230ae66d000

Marking Bits (Prev, Next): (CMBitMap*) 0x00000230a69c1960, (CMBitMap*) 0x00000230a69c19a0
 Prev Bits: [0x00000230af240000, 0x00000230b10a8000)
 Next Bits: [0x00000230b10b0000, 0x00000230b2f18000)

Polling page: 0x00000230a6a60000

Metaspace:

Usage:
  Non-class:     15.16 MB used.
      Class:      2.12 MB used.
       Both:     17.28 MB used.

Virtual space:
  Non-class space:       16.00 MB reserved,      15.31 MB ( 96%) committed,  2 nodes.
      Class space:        1.00 GB reserved,       2.25 MB ( <1%) committed,  1 nodes.
             Both:        1.02 GB reserved,      17.56 MB (  2%) committed. 

Chunk freelists:
   Non-Class:  112.00 KB
       Class:  1.61 MB
        Both:  1.72 MB

MaxMetaspaceSize: unlimited
CompressedClassSpaceSize: 1.00 GB
Initial GC threshold: 21.00 MB
Current GC threshold: 21.00 MB
CDS: off
MetaspaceReclaimPolicy: balanced
 - commit_granule_bytes: 65536.
 - commit_granule_words: 8192.
 - virtual_space_node_default_size: 1048576.
 - enlarge_chunks_in_place: 1.
 - new_chunks_are_fully_committed: 0.
 - uncommit_free_chunks: 1.
 - use_allocation_guard: 0.
 - handle_deallocations: 1.


Internal statistics:

num_allocs_failed_limit: 0.
num_arena_births: 122.
num_arena_deaths: 0.
num_vsnodes_births: 3.
num_vsnodes_deaths: 0.
num_space_committed: 281.
num_space_uncommitted: 0.
num_chunks_returned_to_freelist: 0.
num_chunks_taken_from_freelist: 434.
num_chunk_merges: 0.
num_chunk_splits: 278.
num_chunks_enlarged: 213.
num_purges: 0.
num_inconsistent_stats: 0.

CodeCache: size=49152Kb used=4375Kb max_used=4375Kb free=44776Kb
 bounds [0x00000230aade0000, 0x00000230ab230000, 0x00000230adde0000]
 total_blobs=1929 nmethods=1480 adapters=375
 compilation: enabled
              stopped_count=0, restarted_count=0
 full_count=0

Compilation events (20 events):
Event: 2.196 Thread 0x00000230b59f4510 1471       1       java.util.stream.StreamOpFlag::fromCharacteristics (37 bytes)
Event: 2.196 Thread 0x00000230b6558330 1472       1       java.util.stream.AbstractPipeline::<init> (55 bytes)
Event: 2.196 Thread 0x00000230b59f4510 nmethod 1471 0x00000230ab222990 code [0x00000230ab222b40, 0x00000230ab222c98]
Event: 2.196 Thread 0x00000230b6558330 nmethod 1472 0x00000230ab222d90 code [0x00000230ab222f20, 0x00000230ab2230f8]
Event: 2.196 Thread 0x00000230b59f4510 1473       1       java.util.stream.AbstractPipeline::sourceSpliterator (265 bytes)
Event: 2.196 Thread 0x00000230b6558330 1475       1       java.util.Spliterator::getExactSizeIfKnown (25 bytes)
Event: 2.196 Thread 0x00000230b655e860 1474       1       java.util.stream.AbstractPipeline::wrapSink (37 bytes)
Event: 2.196 Thread 0x00000230b6558330 nmethod 1475 0x00000230ab223190 code [0x00000230ab223340, 0x00000230ab223478]
Event: 2.196 Thread 0x00000230b6558330 1476       1       java.util.stream.Sink::end (1 bytes)
Event: 2.196 Thread 0x00000230b6558330 nmethod 1476 0x00000230ab223510 code [0x00000230ab2236a0, 0x00000230ab223758]
Event: 2.196 Thread 0x00000230b6558330 1477       1       java.lang.invoke.Invokers$Holder::linkToTargetMethod (10 bytes)
Event: 2.196 Thread 0x00000230b655e860 nmethod 1474 0x00000230ab223810 code [0x00000230ab2239c0, 0x00000230ab223b98]
Event: 2.196 Thread 0x00000230b655e860 1478       1       java.lang.invoke.DirectMethodHandle$Holder::newInvokeSpecial (24 bytes)
Event: 2.197 Thread 0x00000230b6558330 nmethod 1477 0x00000230ab223d10 code [0x00000230ab223ec0, 0x00000230ab223fd8]
Event: 2.197 Thread 0x00000230b6558330 1479       1       org.springframework.boot.context.properties.source.ConfigurationPropertyName$Elements::newResolved (32 bytes)
Event: 2.197 Thread 0x00000230b655e860 nmethod 1478 0x00000230ab224090 code [0x00000230ab224240, 0x00000230ab2243c8]
Event: 2.197 Thread 0x00000230b6558330 nmethod 1479 0x00000230ab224510 code [0x00000230ab2246a0, 0x00000230ab2248a8]
Event: 2.197 Thread 0x00000230b59f4510 nmethod 1473 0x00000230ab224990 code [0x00000230ab224b80, 0x00000230ab2250e8]
Event: 2.205 Thread 0x00000230b59f4510 1480       1       java.security.CodeSource::matchCerts (254 bytes)
Event: 2.206 Thread 0x00000230b59f4510 nmethod 1480 0x00000230ab225490 code [0x00000230ab2256a0, 0x00000230ab225bb8]

GC Heap History (2 events):
Event: 1.582 GC heap before
{Heap before GC invocations=0 (full 0):
 garbage-first heap   total 124928K, used 22528K [0x0000000086600000, 0x0000000100000000)
  region size 1024K, 23 young (23552K), 0 survivors (0K)
 Metaspace       used 12097K, committed 12288K, reserved 1064960K
  class space    used 1424K, committed 1536K, reserved 1048576K
}
Event: 1.591 GC heap after
{Heap after GC invocations=1 (full 0):
 garbage-first heap   total 124928K, used 5600K [0x0000000086600000, 0x0000000100000000)
  region size 1024K, 3 young (3072K), 3 survivors (3072K)
 Metaspace       used 12097K, committed 12288K, reserved 1064960K
  class space    used 1424K, committed 1536K, reserved 1048576K
}

Deoptimization events (2 events):
Event: 1.427 Thread 0x00000230a6983f80 DEOPT PACKING pc=0x00000230ab14ef75 sp=0x000000cf7f9fd8d0
Event: 1.427 Thread 0x00000230a6983f80 DEOPT UNPACKING pc=0x00000230aae36763 sp=0x000000cf7f9fcd40 mode 3

Classes unloaded (0 events):
No events

Classes redefined (0 events):
No events

Internal exceptions (20 events):
Event: 1.689 Thread 0x00000230a6983f80 Exception <a 'java/lang/NoSuchMethodError'{0x000000008dd18130}: 'int java.lang.invoke.DirectMethodHandle$Holder.invokeSpecial(java.lang.Object, java.lang.Object, java.lang.Object)'> (0x000000008dd18130) 
thrown [e:\jenkins\tmp\workspace\build\src\src\hotspot\share\interpreter\linkResolver.cpp, line 766]
Event: 1.704 Thread 0x00000230a6983f80 Exception <a 'java/lang/NoSuchMethodError'{0x000000008dd5b658}: 'int java.lang.invoke.DirectMethodHandle$Holder.invokeSpecial(java.lang.Object, java.lang.Object, java.lang.Object, java.lang.Object)'> (0x000000008dd5b658) 
thrown [e:\jenkins\tmp\workspace\build\src\src\hotspot\share\interpreter\linkResolver.cpp, line 766]
Event: 1.726 Thread 0x00000230a6983f80 Exception <a 'java/lang/NoSuchMethodError'{0x000000008dc2ca98}: 'void java.lang.invoke.DirectMethodHandle$Holder.invokeSpecial(java.lang.Object, java.lang.Object, java.lang.Object)'> (0x000000008dc2ca98) 
thrown [e:\jenkins\tmp\workspace\build\src\src\hotspot\share\interpreter\linkResolver.cpp, line 766]
Event: 1.763 Thread 0x00000230a6983f80 Exception <a 'java/lang/NoSuchMethodError'{0x000000008db2d2b0}: 'java.lang.Object java.lang.invoke.DirectMethodHandle$Holder.invokeSpecial(java.lang.Object, java.lang.Object, java.lang.Object, java.lang.Object, java.lang.Object, java.lang.Object, int)'> (0x000000008db2d2b0) 
thrown [e:\jenkins\tmp\workspace\build\src\src\hotspot\share\interpreter\linkResolver.cpp, line 766]
Event: 1.764 Thread 0x00000230a6983f80 Exception <a 'java/lang/NoSuchMethodError'{0x000000008db37560}: 'java.lang.Object java.lang.invoke.DirectMethodHandle$Holder.newInvokeSpecial(java.lang.Object, java.lang.Object, java.lang.Object, java.lang.Object, java.lang.Object, java.lang.Object, int)'> (0x000000008db37560) 
thrown [e:\jenkins\tmp\workspace\build\src\src\hotspot\share\interpreter\linkResolver.cpp, line 766]
Event: 1.765 Thread 0x00000230a6983f80 Exception <a 'java/lang/NoSuchMethodError'{0x000000008db3c2f8}: 'java.lang.Object java.lang.invoke.DirectMethodHandle$Holder.invokeSpecial(java.lang.Object, java.lang.Object, java.lang.Object, java.lang.Object, java.lang.Object, java.lang.Object, java.lang.Object, int)'> (0x000000008db3c2f8) 
thrown [e:\jenkins\tmp\workspace\build\src\src\hotspot\share\interpreter\linkResolver.cpp, line 766]
Event: 1.783 Thread 0x00000230a6983f80 Exception <a 'java/lang/NoSuchMethodError'{0x000000008db86ad8}: 'java.lang.Object java.lang.invoke.DirectMethodHandle$Holder.newInvokeSpecial(java.lang.Object, java.lang.Object, int, java.lang.Object)'> (0x000000008db86ad8) 
thrown [e:\jenkins\tmp\workspace\build\src\src\hotspot\share\interpreter\linkResolver.cpp, line 766]
Event: 1.783 Thread 0x00000230a6983f80 Exception <a 'java/lang/NoSuchMethodError'{0x000000008db8aeb8}: 'java.lang.Object java.lang.invoke.DirectMethodHandle$Holder.invokeSpecial(java.lang.Object, java.lang.Object, java.lang.Object, int, java.lang.Object)'> (0x000000008db8aeb8) 
thrown [e:\jenkins\tmp\workspace\build\src\src\hotspot\share\interpreter\linkResolver.cpp, line 766]
Event: 1.799 Thread 0x00000230a6983f80 Exception <a 'java/lang/NoSuchMethodError'{0x000000008dbc6730}: 'java.lang.Object java.lang.invoke.DirectMethodHandle$Holder.newInvokeSpecial(java.lang.Object, java.lang.Object, java.lang.Object, java.lang.Object, java.lang.Object, java.lang.Object)'> (0x000000008dbc6730) 
thrown [e:\jenkins\tmp\workspace\build\src\src\hotspot\share\interpreter\linkResolver.cpp, line 766]
Event: 1.822 Thread 0x00000230a6983f80 Exception <a 'java/lang/NoSuchMethodError'{0x000000008da088b0}: 'void java.lang.invoke.DirectMethodHandle$Holder.invokeStatic(java.lang.Object, java.lang.Object, java.lang.Object, java.lang.Object)'> (0x000000008da088b0) 
thrown [e:\jenkins\tmp\workspace\build\src\src\hotspot\share\interpreter\linkResolver.cpp, line 766]
Event: 1.841 Thread 0x00000230a6983f80 Exception <a 'java/lang/NoSuchMethodError'{0x000000008da5ce40}: 'void java.lang.invoke.DirectMethodHandle$Holder.invokeStatic(java.lang.Object, java.lang.Object)'> (0x000000008da5ce40) 
thrown [e:\jenkins\tmp\workspace\build\src\src\hotspot\share\interpreter\linkResolver.cpp, line 766]
Event: 1.842 Thread 0x00000230a6983f80 Exception <a 'java/lang/NoSuchMethodError'{0x000000008da60398}: 'void java.lang.invoke.DirectMethodHandle$Holder.invokeStaticInit(java.lang.Object, java.lang.Object)'> (0x000000008da60398) 
thrown [e:\jenkins\tmp\workspace\build\src\src\hotspot\share\interpreter\linkResolver.cpp, line 766]
Event: 1.849 Thread 0x00000230a6983f80 Exception <a 'java/lang/NoSuchMethodError'{0x000000008da78048}: 'java.lang.Object java.lang.invoke.DirectMethodHandle$Holder.invokeStaticInit(java.lang.Object)'> (0x000000008da78048) 
thrown [e:\jenkins\tmp\workspace\build\src\src\hotspot\share\interpreter\linkResolver.cpp, line 766]
Event: 1.936 Thread 0x00000230a6983f80 Exception <a 'java/lang/NoSuchMethodError'{0x000000008d95a8c8}: 'void java.lang.invoke.DirectMethodHandle$Holder.invokeSpecial(java.lang.Object, java.lang.Object, java.lang.Object, java.lang.Object, java.lang.Object)'> (0x000000008d95a8c8) 
thrown [e:\jenkins\tmp\workspace\build\src\src\hotspot\share\interpreter\linkResolver.cpp, line 766]
Event: 1.950 Thread 0x00000230b6eb0c60 Exception <a 'java/lang/NoClassDefFoundError'{0x000000008d9959e8}: javax/validation/Validation> (0x000000008d9959e8) 
thrown [e:\jenkins\tmp\workspace\build\src\src\hotspot\share\classfile\systemDictionary.cpp, line 245]
Event: 1.979 Thread 0x00000230b6eb0c60 Exception <a 'java/lang/NoSuchMethodError'{0x000000008d8ff828}: 'int java.lang.invoke.DirectMethodHandle$Holder.invokeInterface(java.lang.Object, java.lang.Object)'> (0x000000008d8ff828) 
thrown [e:\jenkins\tmp\workspace\build\src\src\hotspot\share\interpreter\linkResolver.cpp, line 766]
Event: 1.998 Thread 0x00000230b6eb0c60 Exception <a 'java/lang/NoSuchMethodError'{0x000000008d7ace20}: 'java.lang.Object java.lang.invoke.DirectMethodHandle$Holder.invokeStaticInit(java.lang.Object, java.lang.Object, java.lang.Object)'> (0x000000008d7ace20) 
thrown [e:\jenkins\tmp\workspace\build\src\src\hotspot\share\interpreter\linkResolver.cpp, line 766]
Event: 1.999 Thread 0x00000230b6eb0c60 Exception <a 'java/lang/NoSuchMethodError'{0x000000008d7b2d10}: 'java.lang.Object java.lang.invoke.DirectMethodHandle$Holder.invokeStaticInit(java.lang.Object, java.lang.Object, java.lang.Object, java.lang.Object, java.lang.Object)'> (0x000000008d7b2d10) 
thrown [e:\jenkins\tmp\workspace\build\src\src\hotspot\share\interpreter\linkResolver.cpp, line 766]
Event: 2.191 Thread 0x00000230a6983f80 Exception <a 'java/lang/NoSuchMethodError'{0x000000008d2cde78}: 'void java.lang.invoke.DirectMethodHandle$Holder.invokeStatic(java.lang.Object, java.lang.Object, int)'> (0x000000008d2cde78) 
thrown [e:\jenkins\tmp\workspace\build\src\src\hotspot\share\interpreter\linkResolver.cpp, line 766]
Event: 2.213 Thread 0x00000230b6eb0c60 Exception <a 'java/lang/NoClassDefFoundError'{0x000000008d055ee8}: com/fasterxml/jackson/databind/Module> (0x000000008d055ee8) 
thrown [e:\jenkins\tmp\workspace\build\src\src\hotspot\share\classfile\systemDictionary.cpp, line 245]

VM Operations (20 events):
Event: 0.775 Executing VM operation: HandshakeAllThreads
Event: 0.775 Executing VM operation: HandshakeAllThreads done
Event: 1.141 Executing VM operation: HandshakeAllThreads
Event: 1.141 Executing VM operation: HandshakeAllThreads done
Event: 1.141 Executing VM operation: Cleanup
Event: 1.141 Executing VM operation: Cleanup done
Event: 1.264 Executing VM operation: HandshakeAllThreads
Event: 1.264 Executing VM operation: HandshakeAllThreads done
Event: 1.530 Executing VM operation: HandshakeAllThreads
Event: 1.530 Executing VM operation: HandshakeAllThreads done
Event: 1.582 Executing VM operation: G1CollectForAllocation
Event: 1.591 Executing VM operation: G1CollectForAllocation done
Event: 1.811 Executing VM operation: HandshakeAllThreads
Event: 1.811 Executing VM operation: HandshakeAllThreads done
Event: 1.966 Executing VM operation: HandshakeAllThreads
Event: 1.966 Executing VM operation: HandshakeAllThreads done
Event: 2.019 Executing VM operation: HandshakeAllThreads
Event: 2.019 Executing VM operation: HandshakeAllThreads done
Event: 2.041 Executing VM operation: HandshakeAllThreads
Event: 2.041 Executing VM operation: HandshakeAllThreads done

Events (20 events):
Event: 2.187 loading class java/io/StringWriter done
Event: 2.189 loading class java/util/function/IntUnaryOperator
Event: 2.189 loading class java/util/function/IntUnaryOperator done
Event: 2.190 loading class java/util/stream/IntPipeline$4
Event: 2.190 loading class java/util/stream/IntPipeline$4 done
Event: 2.191 loading class java/util/concurrent/atomic/AtomicIntegerArray
Event: 2.191 loading class java/util/stream/ForEachOps$ForEachOp$OfInt
Event: 2.191 loading class java/util/concurrent/atomic/AtomicIntegerArray done
Event: 2.191 loading class java/util/stream/ForEachOps$ForEachOp$OfInt done
Event: 2.191 loading class java/util/stream/IntPipeline$4$1
Event: 2.191 loading class java/util/stream/IntPipeline$4$1 done
Event: 2.192 loading class java/util/RegularEnumSet$EnumSetIterator
Event: 2.192 loading class java/util/RegularEnumSet$EnumSetIterator done
Event: 2.199 loading class java/util/concurrent/atomic/AtomicLongArray
Event: 2.199 loading class java/util/concurrent/atomic/AtomicLongArray done
Event: 2.214 Thread 0x00000230b6eb0c60 Thread exited: 0x00000230b6eb0c60
Event: 2.245 loading class java/io/NotSerializableException
Event: 2.245 loading class java/io/ObjectStreamException
Event: 2.245 loading class java/io/ObjectStreamException done
Event: 2.245 loading class java/io/NotSerializableException done


Dynamic libraries:
0x00007ff6bf9b0000 - 0x00007ff6bf9be000 	c:\Users\bakup\.vscode\extensions\redhat.java-1.3.0\jre\17.0.1-win32-x86_64\bin\java.exe
0x00007ff8fb640000 - 0x00007ff8fb849000 	C:\WINDOWS\SYSTEM32\ntdll.dll
0x00007ff8fa8b0000 - 0x00007ff8fa96d000 	C:\WINDOWS\System32\KERNEL32.DLL
0x00007ff8f8be0000 - 0x00007ff8f8f54000 	C:\WINDOWS\System32\KERNELBASE.dll
0x00007ff8f9080000 - 0x00007ff8f9191000 	C:\WINDOWS\System32\ucrtbase.dll
0x00007ff8ed150000 - 0x00007ff8ed168000 	c:\Users\bakup\.vscode\extensions\redhat.java-1.3.0\jre\17.0.1-win32-x86_64\bin\jli.dll
0x00007ff8f9570000 - 0x00007ff8f971c000 	C:\WINDOWS\System32\USER32.dll
0x00007ff8f8b30000 - 0x00007ff8f8b56000 	C:\WINDOWS\System32\win32u.dll
0x00007ff8fb520000 - 0x00007ff8fb549000 	C:\WINDOWS\System32\GDI32.dll
0x00007ff8f0080000 - 0x00007ff8f0099000 	c:\Users\bakup\.vscode\extensions\redhat.java-1.3.0\jre\17.0.1-win32-x86_64\bin\VCRUNTIME140.dll
0x00007ff8ef1a0000 - 0x00007ff8ef445000 	C:\WINDOWS\WinSxS\amd64_microsoft.windows.common-controls_6595b64144ccf1df_6.0.22000.120_none_9d947278b86cc467\COMCTL32.dll
0x00007ff8fb550000 - 0x00007ff8fb5f3000 	C:\WINDOWS\System32\msvcrt.dll
0x00007ff8f8f60000 - 0x00007ff8f9072000 	C:\WINDOWS\System32\gdi32full.dll
0x00007ff8f91a0000 - 0x00007ff8f923d000 	C:\WINDOWS\System32\msvcp_win.dll
0x00007ff8fae20000 - 0x00007ff8fae51000 	C:\WINDOWS\System32\IMM32.DLL
0x00007ff8f22e0000 - 0x00007ff8f22ec000 	c:\Users\bakup\.vscode\extensions\redhat.java-1.3.0\jre\17.0.1-win32-x86_64\bin\vcruntime140_1.dll
0x00007ff8b9100000 - 0x00007ff8b9191000 	c:\Users\bakup\.vscode\extensions\redhat.java-1.3.0\jre\17.0.1-win32-x86_64\bin\msvcp140.dll
0x00007ff883450000 - 0x00007ff884096000 	c:\Users\bakup\.vscode\extensions\redhat.java-1.3.0\jre\17.0.1-win32-x86_64\bin\server\jvm.dll
0x00007ff8fa800000 - 0x00007ff8fa8ae000 	C:\WINDOWS\System32\ADVAPI32.dll
0x00007ff8f98f0000 - 0x00007ff8f998e000 	C:\WINDOWS\System32\sechost.dll
0x00007ff8fad00000 - 0x00007ff8fae20000 	C:\WINDOWS\System32\RPCRT4.dll
0x00007ff8faed0000 - 0x00007ff8faed8000 	C:\WINDOWS\System32\PSAPI.DLL
0x00007ff8e8790000 - 0x00007ff8e8799000 	C:\WINDOWS\SYSTEM32\WSOCK32.dll
0x00007ff8f1d70000 - 0x00007ff8f1d7a000 	C:\WINDOWS\SYSTEM32\VERSION.dll
0x00007ff8f94e0000 - 0x00007ff8f954f000 	C:\WINDOWS\System32\WS2_32.dll
0x00007ff8f3310000 - 0x00007ff8f3343000 	C:\WINDOWS\SYSTEM32\WINMM.dll
0x00007ff8f7c30000 - 0x00007ff8f7c48000 	C:\WINDOWS\SYSTEM32\kernel.appcore.dll
0x00007ff8f2210000 - 0x00007ff8f221a000 	c:\Users\bakup\.vscode\extensions\redhat.java-1.3.0\jre\17.0.1-win32-x86_64\bin\jimage.dll
0x00007ff8f2530000 - 0x00007ff8f2751000 	C:\WINDOWS\SYSTEM32\DBGHELP.DLL
0x00007ff8f2480000 - 0x00007ff8f24b1000 	C:\WINDOWS\SYSTEM32\dbgcore.DLL
0x00007ff8f8b60000 - 0x00007ff8f8bdf000 	C:\WINDOWS\System32\bcryptPrimitives.dll
0x00007ff8ecc40000 - 0x00007ff8ecc65000 	c:\Users\bakup\.vscode\extensions\redhat.java-1.3.0\jre\17.0.1-win32-x86_64\bin\java.dll
0x00007ff8e57a0000 - 0x00007ff8e57b8000 	c:\Users\bakup\.vscode\extensions\redhat.java-1.3.0\jre\17.0.1-win32-x86_64\bin\zip.dll
0x00007ff8f9ea0000 - 0x00007ff8fa64e000 	C:\WINDOWS\System32\SHELL32.dll
0x00007ff8f6ca0000 - 0x00007ff8f7508000 	C:\WINDOWS\SYSTEM32\windows.storage.dll
0x00007ff8f9a80000 - 0x00007ff8f9df8000 	C:\WINDOWS\System32\combase.dll
0x00007ff8f6b30000 - 0x00007ff8f6c96000 	C:\WINDOWS\SYSTEM32\wintypes.dll
0x00007ff8f9990000 - 0x00007ff8f9a7a000 	C:\WINDOWS\System32\SHCORE.dll
0x00007ff8fa650000 - 0x00007ff8fa6ad000 	C:\WINDOWS\System32\shlwapi.dll
0x00007ff8f8a60000 - 0x00007ff8f8a81000 	C:\WINDOWS\SYSTEM32\profapi.dll
0x00007ff8e4630000 - 0x00007ff8e4649000 	C:\Users\bakup\.vscode\extensions\redhat.java-1.3.0\jre\17.0.1-win32-x86_64\bin\net.dll
0x00007ff8f43a0000 - 0x00007ff8f44ac000 	C:\WINDOWS\SYSTEM32\WINHTTP.dll
0x00007ff8f8060000 - 0x00007ff8f80c7000 	C:\WINDOWS\system32\mswsock.dll
0x00007ff8db290000 - 0x00007ff8db2a5000 	C:\Users\bakup\.vscode\extensions\redhat.java-1.3.0\jre\17.0.1-win32-x86_64\bin\nio.dll
0x00007ff8f0070000 - 0x00007ff8f0080000 	c:\Users\bakup\.vscode\extensions\redhat.java-1.3.0\jre\17.0.1-win32-x86_64\bin\verify.dll
0x00007ff8f3c30000 - 0x00007ff8f3c39000 	C:\Users\bakup\.vscode\extensions\redhat.java-1.3.0\jre\17.0.1-win32-x86_64\bin\management.dll
0x00007ff8ef770000 - 0x00007ff8ef77b000 	C:\Users\bakup\.vscode\extensions\redhat.java-1.3.0\jre\17.0.1-win32-x86_64\bin\management_ext.dll
0x00007ff8f1570000 - 0x00007ff8f1587000 	C:\WINDOWS\system32\napinsp.dll
0x00007ff8f0d60000 - 0x00007ff8f0d7b000 	C:\WINDOWS\system32\pnrpnsp.dll
0x00007ff8f7780000 - 0x00007ff8f7867000 	C:\WINDOWS\SYSTEM32\DNSAPI.dll
0x00007ff8f7750000 - 0x00007ff8f777d000 	C:\WINDOWS\SYSTEM32\IPHLPAPI.DLL
0x00007ff8f9e90000 - 0x00007ff8f9e99000 	C:\WINDOWS\System32\NSI.dll
0x00007ff8eff60000 - 0x00007ff8eff72000 	C:\WINDOWS\System32\winrnr.dll
0x00007ff8f2a20000 - 0x00007ff8f2a35000 	C:\WINDOWS\system32\wshbth.dll
0x00007ff8c0990000 - 0x00007ff8c09af000 	C:\WINDOWS\system32\nlansp_c.dll
0x00007ff8f3b50000 - 0x00007ff8f3b5a000 	C:\Windows\System32\rasadhlp.dll
0x00007ff8f2ce0000 - 0x00007ff8f2d61000 	C:\WINDOWS\System32\fwpuclnt.dll

dbghelp: loaded successfully - version: 4.0.5 - missing functions: none
symbol engine: initialized successfully - sym options: 0x614 - pdb path: .;c:\Users\bakup\.vscode\extensions\redhat.java-1.3.0\jre\17.0.1-win32-x86_64\bin;C:\WINDOWS\SYSTEM32;C:\WINDOWS\WinSxS\amd64_microsoft.windows.common-controls_6595b64144ccf1df_6.0.22000.120_none_9d947278b86cc467;c:\Users\bakup\.vscode\extensions\redhat.java-1.3.0\jre\17.0.1-win32-x86_64\bin\server

VM Arguments:
jvm_args: -Dsts.lsp.client=vscode -Dsts.log.file=/dev/null -XX:TieredStopAtLevel=1 -Dspring.config.location=file:c:\Users\bakup\.vscode\extensions\pivotal.vscode-spring-boot-1.31.0\language-server\BOOT-INF\classes\application.properties 
java_command: org.springframework.ide.vscode.boot.app.BootLanguageServerBootApp
java_class_path (initial): c:\Users\bakup\.vscode\extensions\pivotal.vscode-spring-boot-1.31.0\language-server\BOOT-INF\classes;c:\Users\bakup\.vscode\extensions\pivotal.vscode-spring-boot-1.31.0\language-server\BOOT-INF\lib\antlr4-runtime-4.5.3.jar;c:\Users\bakup\.vscode\extensions\pivotal.vscode-spring-boot-1.31.0\language-server\BOOT-INF\lib\byte-buddy-1.10.18.jar;c:\Users\bakup\.vscode\extensions\pivotal.vscode-spring-boot-1.31.0\language-server\BOOT-INF\lib\commons-codec-1.14.jar;c:\Users\bakup\.vscode\extensions\pivotal.vscode-spring-boot-1.31.0\language-server\BOOT-INF\lib\commons-io-2.4.jar;c:\Users\bakup\.vscode\extensions\pivotal.vscode-spring-boot-1.31.0\language-server\BOOT-INF\lib\commons-java-1.31.0-SNAPSHOT.jar;c:\Users\bakup\.vscode\extensions\pivotal.vscode-spring-boot-1.31.0\language-server\BOOT-INF\lib\commons-lang3-3.10.jar;c:\Users\bakup\.vscode\extensions\pivotal.vscode-spring-boot-1.31.0\language-server\BOOT-INF\lib\commons-language-server-1.31.0-SNAPSHOT.jar;c:\Users\bakup\.vscode\extensions\pivotal.vscode-spring-boot-1.31.0\language-server\BOOT-INF\lib\commons-lsp-extensions-1.31.0-SNAPSHOT.jar;c:\Users\bakup\.vscode\extensions\pivotal.vscode-spring-boot-1.31.0\language-server\BOOT-INF\lib\commons-util-1.31.0-SNAPSHOT.jar;c:\Users\bakup\.vscode\extensions\pivotal.vscode-spring-boot-1.31.0\language-server\BOOT-INF\lib\commons-yaml-1.31.0-SNAPSHOT.jar;c:\Users\bakup\.vscode\extensions\pivotal.vscode-spring-boot-1.31.0\language-server\BOOT-INF\lib\gson-2.8.6.jar;c:\Users\bakup\.vscode\extensions\pivotal.vscode-spring-boot-1.31.0\language-server\BOOT-INF\lib\guava-19.0.jar;c:\Users\bakup\.vscode\extensions\pivotal.vscode-spring-boot-1.31.0\language-server\BOOT-INF\lib\jakarta.annotation-api-1.3.5.jar;c:\Users\bakup\.vscode\extensions\pivotal.vscode-spring-boot-1.31.0\language-server\BOOT-INF\lib\jandex-2.0.5.Final.jar;c:\Users\bakup\.vscode\extensions\pivotal.vscode-spring-boot-1.31.0\language-server\BOOT-INF\lib\java-properties-1.31.0-SNAPSHO
Launcher Type: SUN_STANDARD

[Global flags]
     intx CICompilerCount                          = 4                                         {product} {ergonomic}
     uint ConcGCThreads                            = 2                                         {product} {ergonomic}
     uint G1ConcRefinementThreads                  = 8                                         {product} {ergonomic}
   size_t G1HeapRegionSize                         = 1048576                                   {product} {ergonomic}
    uintx GCDrainStackTargetSize                   = 64                                        {product} {ergonomic}
   size_t InitialHeapSize                          = 127926272                                 {product} {ergonomic}
   size_t MarkStackSize                            = 4194304                                   {product} {ergonomic}
   size_t MaxHeapSize                              = 2040528896                                {product} {ergonomic}
   size_t MaxNewSize                               = 1223688192                                {product} {ergonomic}
   size_t MinHeapDeltaBytes                        = 1048576                                   {product} {ergonomic}
   size_t MinHeapSize                              = 8388608                                   {product} {ergonomic}
    uintx NonProfiledCodeHeapSize                  = 0                                      {pd product} {ergonomic}
     bool ProfileInterpreter                       = false                                  {pd product} {command line}
    uintx ProfiledCodeHeapSize                     = 0                                      {pd product} {ergonomic}
   size_t SoftMaxHeapSize                          = 2040528896                             {manageable} {ergonomic}
     intx TieredStopAtLevel                        = 1                                         {product} {command line}
     bool UseCompressedClassPointers               = true                           {product lp64_product} {ergonomic}
     bool UseCompressedOops                        = true                           {product lp64_product} {ergonomic}
     bool UseG1GC                                  = true                                      {product} {ergonomic}
     bool UseLargePagesIndividualAllocation        = false                                  {pd product} {ergonomic}

Logging:
Log output configuration:
 #0: stdout all=warning uptime,level,tags
 #1: stderr all=off uptime,level,tags

Environment Variables:
PATH=C:\Program Files\Java\jdk-16.0.2\bin;C:\Program Files\Common Files\Oracle\Java\javapath;C:\Program Files (x86)\Common Files\Oracle\Java\javapath;C:\ProgramData\Oracle\Java\javapath;C:\Gradle\gradle-7.2\bin;C:\Spring\spring-2.5.5\bin;C:\Program Files\PostgreSQL\14\bin;C:\WINDOWS\system32;C:\MinGW\bin;C:\WINDOWS;C:\WINDOWS\System32\Wbem;C:\WINDOWS\System32\WindowsPowerShell\v1.0\;C:\WINDOWS\System32\OpenSSH\;%JAVA_HOME%\bin;C:\Program Files\Git\cmd;C:\Program Files\nodejs\;C:\Users\bakup\AppData\Local\Programs\Python\Python39\Scripts\;C:\Users\bakup\AppData\Local\Programs\Python\Python39\;C:\Users\bakup\AppData\Local\Microsoft\WindowsApps;C:\Users\bakup\AppData\Local\GitHubDesktop\bin;C:\Program Files\heroku\bin;C:\Program Files\PostgreSQL\14\bin;C:\Users\bakup\AppData\Roaming\npm;C:\MinGW;C:\Users\bakup\AppData\Local\Programs\Microsoft VS Code\bin;
USERNAME=bakup
OS=Windows_NT
PROCESSOR_IDENTIFIER=Intel64 Family 6 Model 126 Stepping 5, GenuineIntel



---------------  S Y S T E M  ---------------

OS:
 Windows 10 , 64 bit Build 22000 (10.0.22000.434)
OS uptime: 3 days 1:35 hours

CPU: total 8 (initial active 8) (4 cores per cpu, 2 threads per core) family 6 model 126 stepping 5 microcode 0xa6, cx8, cmov, fxsr, ht, mmx, 3dnowpref, sse, sse2, sse3, ssse3, sse4.1, sse4.2, popcnt, lzcnt, tsc, tscinvbit, avx, avx2, aes, erms, clmul, bmi1, bmi2, adx, avx512f, avx512dq, avx512cd, avx512bw, avx512vl, sha, fma, vzeroupper, avx512_vpopcntdq, avx512_vpclmulqdq, avx512_vaes, avx512_vnni, clflush, clflushopt, avx512_vbmi2, avx512_vbmi

Memory: 4k page, system-wide physical 7778M (289M free)
TotalPageFile size 12128M (AvailPageFile size 2003M)
current process WorkingSet (physical memory assigned to process): 84M, peak: 84M
current process commit charge ("private bytes"): 217M, peak: 217M

vm_info: OpenJDK 64-Bit Server VM (17.0.1+12) for windows-amd64 JRE (17.0.1+12), built on Oct 20 2021 07:42:55 by "" with MS VC++ 16.7 (VS2019)

END.
